<?xml version="1.0" encoding="UTF-8"?>
<!-- Generated by org.testng.reporters.JUnitReportReporter -->
<testsuite hostname="DESKTOP-815EV7P" failures="0" tests="1" name="altirnao.test.AodocsTest" time="25.328" errors="0" timestamp="10 dÃ©c. 2020 04:55:12 GMT" skipped="0">
  <testcase classname="altirnao.test.AodocsTest" name="AodocsTest" time="25.328"/>
</testsuite> <!-- altirnao.test.AodocsTest -->
